  HandRecognition.cpp
C:\Uczelnia\Optymalizacja\trunk\Biometrics\HandRecognition.cpp(368,103): warning C4244: "argument": konwersja z "double" do "_Tp", możliwa utrata danych
C:\Uczelnia\Optymalizacja\trunk\Biometrics\HandRecognition.cpp(368,103): warning C4244:         with
C:\Uczelnia\Optymalizacja\trunk\Biometrics\HandRecognition.cpp(368,103): warning C4244:         [
C:\Uczelnia\Optymalizacja\trunk\Biometrics\HandRecognition.cpp(368,103): warning C4244:             _Tp=int
C:\Uczelnia\Optymalizacja\trunk\Biometrics\HandRecognition.cpp(368,103): warning C4244:         ]
C:\Uczelnia\Optymalizacja\trunk\Biometrics\HandRecognition.cpp(404,51): warning C4267: "inicjowanie": konwersja z "size_t" do "int", możliwa utrata danych
C:\Uczelnia\Optymalizacja\trunk\Biometrics\HandRecognition.cpp(405,14): warning C4244: "inicjowanie": konwersja z "float" do "int", możliwa utrata danych
C:\Uczelnia\Optymalizacja\trunk\Biometrics\HandRecognition.cpp(406,17): warning C4244: "inicjowanie": konwersja z "float" do "int", możliwa utrata danych
C:\Uczelnia\Optymalizacja\trunk\Biometrics\HandRecognition.cpp(413,15): warning C4244: "inicjowanie": konwersja z "double" do "int", możliwa utrata danych
C:\Uczelnia\Optymalizacja\trunk\Biometrics\HandRecognition.cpp(431,28): warning C4244: "=": konwersja z "double" do "int", możliwa utrata danych
C:\Uczelnia\Optymalizacja\trunk\Biometrics\HandRecognition.cpp(518,56): warning C4267: "inicjowanie": konwersja z "size_t" do "int", możliwa utrata danych
C:\Uczelnia\Optymalizacja\trunk\Biometrics\HandRecognition.cpp(545,10): warning C4244: "inicjowanie": konwersja z "double" do "float", możliwa utrata danych
C:\Uczelnia\Optymalizacja\trunk\Biometrics\HandRecognition.cpp(546,10): warning C4244: "inicjowanie": konwersja z "double" do "float", możliwa utrata danych
C:\Uczelnia\Optymalizacja\trunk\Biometrics\HandRecognition.cpp(549,25): warning C4244: "argument": konwersja z "float" do "_Tp", możliwa utrata danych
C:\Uczelnia\Optymalizacja\trunk\Biometrics\HandRecognition.cpp(549,25): warning C4244:         with
C:\Uczelnia\Optymalizacja\trunk\Biometrics\HandRecognition.cpp(549,25): warning C4244:         [
C:\Uczelnia\Optymalizacja\trunk\Biometrics\HandRecognition.cpp(549,25): warning C4244:             _Tp=int
C:\Uczelnia\Optymalizacja\trunk\Biometrics\HandRecognition.cpp(549,25): warning C4244:         ]
C:\Uczelnia\Optymalizacja\trunk\Biometrics\HandRecognition.cpp(549,19): warning C4244: "argument": konwersja z "float" do "_Tp", możliwa utrata danych
C:\Uczelnia\Optymalizacja\trunk\Biometrics\HandRecognition.cpp(549,19): warning C4244:         with
C:\Uczelnia\Optymalizacja\trunk\Biometrics\HandRecognition.cpp(549,19): warning C4244:         [
C:\Uczelnia\Optymalizacja\trunk\Biometrics\HandRecognition.cpp(549,19): warning C4244:             _Tp=int
C:\Uczelnia\Optymalizacja\trunk\Biometrics\HandRecognition.cpp(549,19): warning C4244:         ]
LINK : warning LNK4075: zignorowano opcję „/INCREMENTAL” z powodu określenia opcji „/LTCG”
  Trwa generowanie kodu
  Not all modules are compiled with -Gy (function comdat), build without incremental LTCG.
  Zakończono generowanie kodu
  Biometrics.vcxproj -> C:\Uczelnia\Optymalizacja\trunk\x64\Debug\Biometrics.exe
